TN:
SF:/Users/Jonse/Documents/fullstack/fullstack/teht5/src/App.js
FN:10,(anonymous_0)
FN:27,(anonymous_1)
FN:43,(anonymous_2)
FN:63,(anonymous_3)
FN:67,(anonymous_4)
FN:73,(anonymous_5)
FN:79,(anonymous_6)
FN:85,(anonymous_7)
FN:90,(anonymous_8)
FN:91,(anonymous_9)
FN:92,(anonymous_10)
FN:96,(anonymous_11)
FN:118,(anonymous_12)
FN:123,(anonymous_13)
FN:128,(anonymous_14)
FN:130,(anonymous_15)
FN:148,(anonymous_16)
FN:174,(anonymous_17)
FN:174,(anonymous_18)
FNF:19
FNH:6
FNDA:2,(anonymous_0)
FNDA:0,(anonymous_1)
FNDA:0,(anonymous_2)
FNDA:0,(anonymous_3)
FNDA:0,(anonymous_4)
FNDA:0,(anonymous_5)
FNDA:0,(anonymous_6)
FNDA:0,(anonymous_7)
FNDA:0,(anonymous_8)
FNDA:0,(anonymous_9)
FNDA:0,(anonymous_10)
FNDA:0,(anonymous_11)
FNDA:0,(anonymous_12)
FNDA:0,(anonymous_13)
FNDA:2,(anonymous_14)
FNDA:2,(anonymous_15)
FNDA:5,(anonymous_16)
FNDA:9,(anonymous_17)
FNDA:6,(anonymous_18)
DA:11,2
DA:12,2
DA:27,2
DA:28,0
DA:29,0
DA:30,0
DA:31,0
DA:33,0
DA:36,0
DA:44,0
DA:45,0
DA:47,0
DA:48,0
DA:49,0
DA:51,0
DA:53,0
DA:54,0
DA:56,0
DA:57,0
DA:61,0
DA:62,0
DA:63,0
DA:68,0
DA:69,0
DA:70,0
DA:75,0
DA:80,0
DA:81,0
DA:82,0
DA:86,0
DA:87,0
DA:91,0
DA:92,0
DA:97,0
DA:99,0
DA:105,0
DA:107,0
DA:108,0
DA:111,0
DA:112,0
DA:113,0
DA:118,0
DA:121,0
DA:122,0
DA:123,0
DA:129,2
DA:130,2
DA:131,2
DA:132,2
DA:136,2
DA:137,2
DA:139,2
DA:140,1
DA:141,1
DA:142,1
DA:143,1
DA:144,1
DA:151,5
DA:153,5
DA:154,3
DA:164,2
DA:174,9
DA:175,6
LF:63
LH:21
BRDA:31,0,0,0
BRDA:31,0,1,0
BRDA:139,1,0,1
BRDA:139,1,1,1
BRDA:139,2,0,2
BRDA:139,2,1,1
BRDA:153,3,0,3
BRDA:153,3,1,2
BRF:8
BRH:6
end_of_record
TN:
SF:/Users/Jonse/Documents/fullstack/fullstack/teht5/src/index.js
FN:3,_interopRequireDefault
FNF:1
FNH:0
FNDA:0,_interopRequireDefault
DA:1,0
DA:2,0
DA:3,0
DA:5,0
LF:4
LH:0
BRDA:3,0,0,0
BRDA:3,0,1,0
BRDA:3,1,0,0
BRDA:3,1,1,0
BRF:4
BRH:0
end_of_record
TN:
SF:/Users/Jonse/Documents/fullstack/fullstack/teht5/src/setupTests.js
FN:9,(anonymous_0)
FN:12,(anonymous_1)
FNF:2
FNH:2
FNDA:1,(anonymous_0)
FNDA:3,(anonymous_1)
DA:6,3
DA:8,3
DA:10,1
DA:12,3
DA:16,3
DA:18,3
LF:6
LH:6
BRF:0
BRH:0
end_of_record
TN:
SF:/Users/Jonse/Documents/fullstack/fullstack/teht5/src/components/Blog.js
FN:5,(anonymous_0)
FN:16,(anonymous_1)
FN:20,(anonymous_2)
FN:30,(anonymous_3)
FN:34,(anonymous_4)
FN:49,(anonymous_5)
FNF:6
FNH:2
FNDA:6,(anonymous_0)
FNDA:0,(anonymous_1)
FNDA:0,(anonymous_2)
FNDA:0,(anonymous_3)
FNDA:0,(anonymous_4)
FNDA:6,(anonymous_5)
DA:6,6
DA:7,6
DA:17,0
DA:21,0
DA:23,0
DA:24,0
DA:26,0
DA:28,0
DA:29,0
DA:30,0
DA:35,0
DA:36,0
DA:37,0
DA:39,0
DA:40,0
DA:42,0
DA:51,6
DA:58,6
DA:59,6
DA:60,6
DA:61,6
LF:21
LH:7
BRDA:35,0,0,0
BRDA:35,0,1,0
BRDA:59,1,0,0
BRDA:59,1,1,6
BRDA:59,2,0,6
BRDA:59,2,1,6
BRDA:59,2,2,0
BRDA:59,2,3,6
BRDA:60,3,0,0
BRDA:60,3,1,6
BRF:10
BRH:5
end_of_record
TN:
SF:/Users/Jonse/Documents/fullstack/fullstack/teht5/src/components/BlogForm.js
FN:5,(anonymous_0)
FNF:1
FNH:1
FNDA:2,(anonymous_0)
DA:5,1
DA:6,2
LF:2
LH:2
BRF:0
BRH:0
end_of_record
TN:
SF:/Users/Jonse/Documents/fullstack/fullstack/teht5/src/components/Login.js
FN:4,(anonymous_0)
FNF:1
FNH:1
FNDA:3,(anonymous_0)
DA:4,1
DA:8,3
DA:21,1
LF:3
LH:3
BRF:0
BRH:0
end_of_record
TN:
SF:/Users/Jonse/Documents/fullstack/fullstack/teht5/src/components/SimpleBlog.js
FN:3,(anonymous_0)
FNF:1
FNH:0
FNDA:0,(anonymous_0)
DA:3,1
DA:4,0
LF:2
LH:1
BRF:0
BRH:0
end_of_record
TN:
SF:/Users/Jonse/Documents/fullstack/fullstack/teht5/src/components/Togglable.js
FN:6,(anonymous_0)
FN:14,(anonymous_1)
FN:18,(anonymous_2)
FNF:3
FNH:2
FNDA:3,(anonymous_0)
FNDA:0,(anonymous_1)
FNDA:5,(anonymous_2)
DA:7,3
DA:8,3
DA:15,0
DA:20,5
DA:21,5
DA:23,5
DA:35,1
LF:7
LH:6
BRDA:20,0,0,0
BRDA:20,0,1,5
BRDA:21,1,0,0
BRDA:21,1,1,5
BRF:4
BRH:2
end_of_record
TN:
SF:/Users/Jonse/Documents/fullstack/fullstack/teht5/src/services/blogs.js
FN:6,(anonymous_0)
FN:11,(anonymous_1)
FN:13,(anonymous_2)
FN:16,(anonymous_3)
FN:28,(anonymous_4)
FN:40,(anonymous_5)
FNF:6
FNH:0
FNDA:0,(anonymous_0)
FNDA:0,(anonymous_1)
FNDA:0,(anonymous_2)
FNDA:0,(anonymous_3)
FNDA:0,(anonymous_4)
FNDA:0,(anonymous_5)
DA:2,1
DA:4,1
DA:6,1
DA:7,0
DA:8,0
DA:9,0
DA:11,1
DA:12,0
DA:13,0
DA:16,1
DA:17,0
DA:18,0
DA:22,0
DA:23,0
DA:24,0
DA:28,1
DA:29,0
DA:31,0
DA:35,0
DA:36,0
DA:40,1
DA:41,0
DA:43,0
DA:47,0
DA:48,0
LF:25
LH:7
BRF:0
BRH:0
end_of_record
TN:
SF:/Users/Jonse/Documents/fullstack/fullstack/teht5/src/services/login.js
FN:4,(anonymous_0)
FNF:1
FNH:0
FNDA:0,(anonymous_0)
DA:2,1
DA:4,1
DA:5,0
DA:6,0
LF:4
LH:2
BRF:0
BRH:0
end_of_record
