{"/Users/Jonse/Documents/fullstack/fullstack/teht5/src/App.js": {"path":"/Users/Jonse/Documents/fullstack/fullstack/teht5/src/App.js","statementMap":{"0":{"start":{"line":11,"column":4},"end":{"line":11,"column":16}},"1":{"start":{"line":12,"column":4},"end":{"line":25,"column":5}},"2":{"start":{"line":27,"column":4},"end":{"line":37,"column":5}},"3":{"start":{"line":28,"column":6},"end":{"line":28,"column":21}},"4":{"start":{"line":29,"column":26},"end":{"line":29,"column":28}},"5":{"start":{"line":30,"column":6},"end":{"line":35,"column":7}},"6":{"start":{"line":31,"column":8},"end":{"line":34,"column":9}},"7":{"start":{"line":33,"column":10},"end":{"line":33,"column":49}},"8":{"start":{"line":36,"column":6},"end":{"line":36,"column":45}},"9":{"start":{"line":44,"column":4},"end":{"line":44,"column":26}},"10":{"start":{"line":45,"column":4},"end":{"line":45,"column":29}},"11":{"start":{"line":47,"column":4},"end":{"line":64,"column":5}},"12":{"start":{"line":48,"column":22},"end":{"line":48,"column":86}},"13":{"start":{"line":49,"column":19},"end":{"line":49,"column":52}},"14":{"start":{"line":51,"column":6},"end":{"line":51,"column":42}},"15":{"start":{"line":53,"column":6},"end":{"line":53,"column":62}},"16":{"start":{"line":54,"column":6},"end":{"line":54,"column":57}},"17":{"start":{"line":56,"column":6},"end":{"line":56,"column":69}},"18":{"start":{"line":57,"column":6},"end":{"line":57,"column":38}},"19":{"start":{"line":61,"column":6},"end":{"line":61,"column":22}},"20":{"start":{"line":62,"column":6},"end":{"line":62,"column":80}},"21":{"start":{"line":63,"column":6},"end":{"line":63,"column":62}},"22":{"start":{"line":63,"column":25},"end":{"line":63,"column":53}},"23":{"start":{"line":68,"column":4},"end":{"line":68,"column":26}},"24":{"start":{"line":69,"column":4},"end":{"line":69,"column":65}},"25":{"start":{"line":70,"column":4},"end":{"line":70,"column":62}},"26":{"start":{"line":75,"column":4},"end":{"line":75,"column":61}},"27":{"start":{"line":80,"column":4},"end":{"line":80,"column":31}},"28":{"start":{"line":81,"column":4},"end":{"line":81,"column":30}},"29":{"start":{"line":82,"column":4},"end":{"line":82,"column":61}},"30":{"start":{"line":86,"column":4},"end":{"line":86,"column":26}},"31":{"start":{"line":87,"column":4},"end":{"line":87,"column":62}},"32":{"start":{"line":91,"column":4},"end":{"line":93,"column":6}},"33":{"start":{"line":92,"column":6},"end":{"line":92,"column":66}},"34":{"start":{"line":92,"column":25},"end":{"line":92,"column":57}},"35":{"start":{"line":97,"column":4},"end":{"line":97,"column":26}},"36":{"start":{"line":99,"column":17},"end":{"line":103,"column":5}},"37":{"start":{"line":105,"column":4},"end":{"line":105,"column":42}},"38":{"start":{"line":107,"column":4},"end":{"line":124,"column":5}},"39":{"start":{"line":108,"column":21},"end":{"line":108,"column":59}},"40":{"start":{"line":111,"column":22},"end":{"line":111,"column":28}},"41":{"start":{"line":112,"column":6},"end":{"line":112,"column":38}},"42":{"start":{"line":113,"column":6},"end":{"line":118,"column":114}},"43":{"start":{"line":118,"column":16},"end":{"line":118,"column":112}},"44":{"start":{"line":121,"column":6},"end":{"line":121,"column":22}},"45":{"start":{"line":122,"column":6},"end":{"line":122,"column":48}},"46":{"start":{"line":123,"column":6},"end":{"line":123,"column":64}},"47":{"start":{"line":123,"column":25},"end":{"line":123,"column":55}},"48":{"start":{"line":129,"column":4},"end":{"line":129,"column":35}},"49":{"start":{"line":130,"column":4},"end":{"line":134,"column":5}},"50":{"start":{"line":131,"column":6},"end":{"line":131,"column":30}},"51":{"start":{"line":132,"column":6},"end":{"line":132,"column":24}},"52":{"start":{"line":136,"column":21},"end":{"line":136,"column":62}},"53":{"start":{"line":137,"column":4},"end":{"line":137,"column":39}},"54":{"start":{"line":139,"column":4},"end":{"line":145,"column":5}},"55":{"start":{"line":140,"column":17},"end":{"line":140,"column":37}},"56":{"start":{"line":141,"column":6},"end":{"line":141,"column":29}},"57":{"start":{"line":142,"column":6},"end":{"line":142,"column":46}},"58":{"start":{"line":143,"column":6},"end":{"line":143,"column":38}},"59":{"start":{"line":144,"column":6},"end":{"line":144,"column":34}},"60":{"start":{"line":151,"column":4},"end":{"line":151,"column":42}},"61":{"start":{"line":153,"column":4},"end":{"line":180,"column":5}},"62":{"start":{"line":154,"column":6},"end":{"line":162,"column":7}},"63":{"start":{"line":164,"column":6},"end":{"line":179,"column":8}},"64":{"start":{"line":174,"column":45},"end":{"line":174,"column":69}},"65":{"start":{"line":175,"column":12},"end":{"line":175,"column":131}}},"fnMap":{"0":{"name":"(anonymous_0)","decl":{"start":{"line":10,"column":2},"end":{"line":10,"column":3}},"loc":{"start":{"line":10,"column":21},"end":{"line":41,"column":3}},"line":10},"1":{"name":"(anonymous_1)","decl":{"start":{"line":27,"column":25},"end":{"line":27,"column":26}},"loc":{"start":{"line":27,"column":33},"end":{"line":37,"column":5}},"line":27},"2":{"name":"(anonymous_2)","decl":{"start":{"line":43,"column":10},"end":{"line":43,"column":11}},"loc":{"start":{"line":43,"column":27},"end":{"line":65,"column":3}},"line":43},"3":{"name":"(anonymous_3)","decl":{"start":{"line":63,"column":17},"end":{"line":63,"column":18}},"loc":{"start":{"line":63,"column":23},"end":{"line":63,"column":55}},"line":63},"4":{"name":"(anonymous_4)","decl":{"start":{"line":67,"column":27},"end":{"line":67,"column":28}},"loc":{"start":{"line":67,"column":38},"end":{"line":71,"column":3}},"line":67},"5":{"name":"(anonymous_5)","decl":{"start":{"line":73,"column":26},"end":{"line":73,"column":27}},"loc":{"start":{"line":73,"column":32},"end":{"line":77,"column":3}},"line":73},"6":{"name":"(anonymous_6)","decl":{"start":{"line":79,"column":11},"end":{"line":79,"column":12}},"loc":{"start":{"line":79,"column":17},"end":{"line":83,"column":3}},"line":79},"7":{"name":"(anonymous_7)","decl":{"start":{"line":85,"column":22},"end":{"line":85,"column":23}},"loc":{"start":{"line":85,"column":33},"end":{"line":88,"column":3}},"line":85},"8":{"name":"(anonymous_8)","decl":{"start":{"line":90,"column":26},"end":{"line":90,"column":27}},"loc":{"start":{"line":90,"column":39},"end":{"line":94,"column":3}},"line":90},"9":{"name":"(anonymous_9)","decl":{"start":{"line":91,"column":31},"end":{"line":91,"column":32}},"loc":{"start":{"line":91,"column":37},"end":{"line":93,"column":5}},"line":91},"10":{"name":"(anonymous_10)","decl":{"start":{"line":92,"column":17},"end":{"line":92,"column":18}},"loc":{"start":{"line":92,"column":23},"end":{"line":92,"column":59}},"line":92},"11":{"name":"(anonymous_11)","decl":{"start":{"line":96,"column":17},"end":{"line":96,"column":18}},"loc":{"start":{"line":96,"column":34},"end":{"line":126,"column":3}},"line":96},"12":{"name":"(anonymous_12)","decl":{"start":{"line":118,"column":9},"end":{"line":118,"column":10}},"loc":{"start":{"line":118,"column":15},"end":{"line":118,"column":113}},"line":118},"13":{"name":"(anonymous_13)","decl":{"start":{"line":123,"column":17},"end":{"line":123,"column":18}},"loc":{"start":{"line":123,"column":23},"end":{"line":123,"column":57}},"line":123},"14":{"name":"(anonymous_14)","decl":{"start":{"line":128,"column":2},"end":{"line":128,"column":3}},"loc":{"start":{"line":128,"column":22},"end":{"line":146,"column":3}},"line":128},"15":{"name":"(anonymous_15)","decl":{"start":{"line":130,"column":30},"end":{"line":130,"column":31}},"loc":{"start":{"line":130,"column":39},"end":{"line":133,"column":5}},"line":130},"16":{"name":"(anonymous_16)","decl":{"start":{"line":148,"column":2},"end":{"line":148,"column":3}},"loc":{"start":{"line":148,"column":11},"end":{"line":181,"column":3}},"line":148},"17":{"name":"(anonymous_17)","decl":{"start":{"line":174,"column":33},"end":{"line":174,"column":34}},"loc":{"start":{"line":174,"column":43},"end":{"line":174,"column":71}},"line":174},"18":{"name":"(anonymous_18)","decl":{"start":{"line":174,"column":77},"end":{"line":174,"column":78}},"loc":{"start":{"line":175,"column":12},"end":{"line":175,"column":131}},"line":175}},"branchMap":{"0":{"loc":{"start":{"line":31,"column":8},"end":{"line":34,"column":9}},"type":"if","locations":[{"start":{"line":31,"column":8},"end":{"line":34,"column":9}},{"start":{"line":31,"column":8},"end":{"line":34,"column":9}}],"line":31},"1":{"loc":{"start":{"line":139,"column":4},"end":{"line":145,"column":5}},"type":"if","locations":[{"start":{"line":139,"column":4},"end":{"line":145,"column":5}},{"start":{"line":139,"column":4},"end":{"line":145,"column":5}}],"line":139},"2":{"loc":{"start":{"line":139,"column":8},"end":{"line":139,"column":44}},"type":"binary-expr","locations":[{"start":{"line":139,"column":8},"end":{"line":139,"column":16}},{"start":{"line":139,"column":20},"end":{"line":139,"column":44}}],"line":139},"3":{"loc":{"start":{"line":153,"column":4},"end":{"line":180,"column":5}},"type":"if","locations":[{"start":{"line":153,"column":4},"end":{"line":180,"column":5}},{"start":{"line":153,"column":4},"end":{"line":180,"column":5}}],"line":153}},"s":{"0":2,"1":2,"2":2,"3":0,"4":0,"5":0,"6":0,"7":0,"8":0,"9":0,"10":0,"11":0,"12":0,"13":0,"14":0,"15":0,"16":0,"17":0,"18":0,"19":0,"20":0,"21":0,"22":0,"23":0,"24":0,"25":0,"26":0,"27":0,"28":0,"29":0,"30":0,"31":0,"32":0,"33":0,"34":0,"35":0,"36":0,"37":0,"38":0,"39":0,"40":0,"41":0,"42":0,"43":0,"44":0,"45":0,"46":0,"47":0,"48":2,"49":2,"50":2,"51":2,"52":2,"53":2,"54":2,"55":1,"56":1,"57":1,"58":1,"59":1,"60":5,"61":5,"62":3,"63":2,"64":9,"65":6},"f":{"0":2,"1":0,"2":0,"3":0,"4":0,"5":0,"6":0,"7":0,"8":0,"9":0,"10":0,"11":0,"12":0,"13":0,"14":2,"15":2,"16":5,"17":9,"18":6},"b":{"0":[0,0],"1":[1,1],"2":[2,1],"3":[3,2]},"_coverageSchema":"332fd63041d2c1bcb487cc26dd0d5f7d97098a6c","hash":"c18fd3578e6bc247132e045159bd7b145e72cec0"}
,"/Users/Jonse/Documents/fullstack/fullstack/teht5/src/index.js": {"path":"/Users/Jonse/Documents/fullstack/fullstack/teht5/src/index.js","statementMap":{"0":{"start":{"line":1,"column":32},"end":{"line":1,"column":95}},"1":{"start":{"line":1,"column":109},"end":{"line":1,"column":125}},"2":{"start":{"line":1,"column":140},"end":{"line":1,"column":170}},"3":{"start":{"line":2,"column":16},"end":{"line":2,"column":36}},"4":{"start":{"line":2,"column":54},"end":{"line":2,"column":87}},"5":{"start":{"line":3,"column":11},"end":{"line":3,"column":27}},"6":{"start":{"line":3,"column":40},"end":{"line":3,"column":68}},"7":{"start":{"line":3,"column":107},"end":{"line":3,"column":161}},"8":{"start":{"line":5,"column":0},"end":{"line":5,"column":181}}},"fnMap":{"0":{"name":"_interopRequireDefault","decl":{"start":{"line":3,"column":78},"end":{"line":3,"column":100}},"loc":{"start":{"line":3,"column":106},"end":{"line":3,"column":162}},"line":3}},"branchMap":{"0":{"loc":{"start":{"line":3,"column":114},"end":{"line":3,"column":160}},"type":"cond-expr","locations":[{"start":{"line":3,"column":138},"end":{"line":3,"column":141}},{"start":{"line":3,"column":144},"end":{"line":3,"column":160}}],"line":3},"1":{"loc":{"start":{"line":3,"column":114},"end":{"line":3,"column":135}},"type":"binary-expr","locations":[{"start":{"line":3,"column":114},"end":{"line":3,"column":117}},{"start":{"line":3,"column":121},"end":{"line":3,"column":135}}],"line":3}},"s":{"0":0,"1":0,"2":0,"3":0,"4":0,"5":0,"6":0,"7":0,"8":0},"f":{"0":0},"b":{"0":[0,0],"1":[0,0]}}
,"/Users/Jonse/Documents/fullstack/fullstack/teht5/src/setupTests.js": {"path":"/Users/Jonse/Documents/fullstack/fullstack/teht5/src/setupTests.js","statementMap":{"0":{"start":{"line":6,"column":17},"end":{"line":6,"column":19}},"1":{"start":{"line":8,"column":25},"end":{"line":14,"column":1}},"2":{"start":{"line":10,"column":4},"end":{"line":10,"column":26}},"3":{"start":{"line":12,"column":20},"end":{"line":12,"column":35}},"4":{"start":{"line":16,"column":0},"end":{"line":16,"column":38}},"5":{"start":{"line":18,"column":0},"end":{"line":18,"column":37}}},"fnMap":{"0":{"name":"(anonymous_0)","decl":{"start":{"line":9,"column":11},"end":{"line":9,"column":12}},"loc":{"start":{"line":9,"column":26},"end":{"line":11,"column":3}},"line":9},"1":{"name":"(anonymous_1)","decl":{"start":{"line":12,"column":11},"end":{"line":12,"column":12}},"loc":{"start":{"line":12,"column":20},"end":{"line":12,"column":35}},"line":12}},"branchMap":{},"s":{"0":3,"1":3,"2":1,"3":3,"4":3,"5":3},"f":{"0":1,"1":3},"b":{},"_coverageSchema":"332fd63041d2c1bcb487cc26dd0d5f7d97098a6c","hash":"533d58d103ae6776be38207380f53e0b4eca056c"}
,"/Users/Jonse/Documents/fullstack/fullstack/teht5/src/components/Blog.js": {"path":"/Users/Jonse/Documents/fullstack/fullstack/teht5/src/components/Blog.js","statementMap":{"0":{"start":{"line":6,"column":4},"end":{"line":6,"column":16}},"1":{"start":{"line":7,"column":4},"end":{"line":13,"column":5}},"2":{"start":{"line":17,"column":4},"end":{"line":17,"column":51}},"3":{"start":{"line":21,"column":4},"end":{"line":21,"column":22}},"4":{"start":{"line":23,"column":14},"end":{"line":23,"column":29}},"5":{"start":{"line":24,"column":4},"end":{"line":24,"column":39}},"6":{"start":{"line":26,"column":4},"end":{"line":26,"column":25}},"7":{"start":{"line":28,"column":19},"end":{"line":28,"column":54}},"8":{"start":{"line":29,"column":4},"end":{"line":29,"column":35}},"9":{"start":{"line":30,"column":4},"end":{"line":30,"column":70}},"10":{"start":{"line":30,"column":44},"end":{"line":30,"column":67}},"11":{"start":{"line":35,"column":4},"end":{"line":43,"column":5}},"12":{"start":{"line":36,"column":6},"end":{"line":36,"column":24}},"13":{"start":{"line":37,"column":6},"end":{"line":37,"column":50}},"14":{"start":{"line":39,"column":18},"end":{"line":39,"column":70}},"15":{"start":{"line":40,"column":6},"end":{"line":40,"column":31}},"16":{"start":{"line":42,"column":6},"end":{"line":42,"column":50}},"17":{"start":{"line":51,"column":17},"end":{"line":56,"column":5}},"18":{"start":{"line":58,"column":4},"end":{"line":58,"column":77}},"19":{"start":{"line":59,"column":30},"end":{"line":59,"column":203}},"20":{"start":{"line":60,"column":28},"end":{"line":60,"column":73}},"21":{"start":{"line":61,"column":4},"end":{"line":76,"column":5}}},"fnMap":{"0":{"name":"(anonymous_0)","decl":{"start":{"line":5,"column":2},"end":{"line":5,"column":3}},"loc":{"start":{"line":5,"column":21},"end":{"line":14,"column":3}},"line":5},"1":{"name":"(anonymous_1)","decl":{"start":{"line":16,"column":21},"end":{"line":16,"column":22}},"loc":{"start":{"line":16,"column":27},"end":{"line":18,"column":3}},"line":16},"2":{"name":"(anonymous_2)","decl":{"start":{"line":20,"column":16},"end":{"line":20,"column":17}},"loc":{"start":{"line":20,"column":29},"end":{"line":32,"column":3}},"line":20},"3":{"name":"(anonymous_3)","decl":{"start":{"line":30,"column":36},"end":{"line":30,"column":37}},"loc":{"start":{"line":30,"column":42},"end":{"line":30,"column":69}},"line":30},"4":{"name":"(anonymous_4)","decl":{"start":{"line":34,"column":11},"end":{"line":34,"column":12}},"loc":{"start":{"line":34,"column":24},"end":{"line":45,"column":3}},"line":34},"5":{"name":"(anonymous_5)","decl":{"start":{"line":49,"column":2},"end":{"line":49,"column":3}},"loc":{"start":{"line":49,"column":11},"end":{"line":77,"column":3}},"line":49}},"branchMap":{"0":{"loc":{"start":{"line":35,"column":4},"end":{"line":43,"column":5}},"type":"if","locations":[{"start":{"line":35,"column":4},"end":{"line":43,"column":5}},{"start":{"line":35,"column":4},"end":{"line":43,"column":5}}],"line":35},"1":{"loc":{"start":{"line":59,"column":41},"end":{"line":59,"column":201}},"type":"cond-expr","locations":[{"start":{"line":59,"column":190},"end":{"line":59,"column":192}},{"start":{"line":59,"column":195},"end":{"line":59,"column":201}}],"line":59},"2":{"loc":{"start":{"line":59,"column":42},"end":{"line":59,"column":186}},"type":"binary-expr","locations":[{"start":{"line":59,"column":43},"end":{"line":59,"column":68}},{"start":{"line":59,"column":72},"end":{"line":59,"column":102}},{"start":{"line":59,"column":106},"end":{"line":59,"column":163}},{"start":{"line":59,"column":168},"end":{"line":59,"column":186}}],"line":59},"3":{"loc":{"start":{"line":60,"column":39},"end":{"line":60,"column":71}},"type":"cond-expr","locations":[{"start":{"line":60,"column":60},"end":{"line":60,"column":62}},{"start":{"line":60,"column":65},"end":{"line":60,"column":71}}],"line":60}},"s":{"0":6,"1":6,"2":0,"3":0,"4":0,"5":0,"6":0,"7":0,"8":0,"9":0,"10":0,"11":0,"12":0,"13":0,"14":0,"15":0,"16":0,"17":6,"18":6,"19":6,"20":6,"21":6},"f":{"0":6,"1":0,"2":0,"3":0,"4":0,"5":6},"b":{"0":[0,0],"1":[0,6],"2":[6,6,0,6],"3":[0,6]},"_coverageSchema":"332fd63041d2c1bcb487cc26dd0d5f7d97098a6c","hash":"29f2067b22e5ea2fc7461a9249c46714cd52b94d"}
,"/Users/Jonse/Documents/fullstack/fullstack/teht5/src/components/BlogForm.js": {"path":"/Users/Jonse/Documents/fullstack/fullstack/teht5/src/components/BlogForm.js","statementMap":{"0":{"start":{"line":5,"column":17},"end":{"line":18,"column":1}},"1":{"start":{"line":6,"column":4},"end":{"line":17,"column":5}}},"fnMap":{"0":{"name":"(anonymous_0)","decl":{"start":{"line":5,"column":17},"end":{"line":5,"column":18}},"loc":{"start":{"line":5,"column":70},"end":{"line":18,"column":1}},"line":5}},"branchMap":{},"s":{"0":1,"1":2},"f":{"0":2},"b":{},"_coverageSchema":"332fd63041d2c1bcb487cc26dd0d5f7d97098a6c","hash":"ab32d28ce5fa83fe6367b24385e3e4f5771ecb54"}
,"/Users/Jonse/Documents/fullstack/fullstack/teht5/src/components/Login.js": {"path":"/Users/Jonse/Documents/fullstack/fullstack/teht5/src/components/Login.js","statementMap":{"0":{"start":{"line":4,"column":14},"end":{"line":19,"column":1}},"1":{"start":{"line":8,"column":4},"end":{"line":18,"column":5}},"2":{"start":{"line":21,"column":0},"end":{"line":25,"column":1}}},"fnMap":{"0":{"name":"(anonymous_0)","decl":{"start":{"line":4,"column":14},"end":{"line":4,"column":15}},"loc":{"start":{"line":4,"column":69},"end":{"line":19,"column":1}},"line":4}},"branchMap":{},"s":{"0":1,"1":3,"2":1},"f":{"0":3},"b":{},"_coverageSchema":"332fd63041d2c1bcb487cc26dd0d5f7d97098a6c","hash":"89df0c5328502c5c71750dbd846af5d93735fb82"}
,"/Users/Jonse/Documents/fullstack/fullstack/teht5/src/components/SimpleBlog.js": {"path":"/Users/Jonse/Documents/fullstack/fullstack/teht5/src/components/SimpleBlog.js","statementMap":{"0":{"start":{"line":3,"column":19},"end":{"line":13,"column":1}},"1":{"start":{"line":4,"column":2},"end":{"line":12,"column":8}}},"fnMap":{"0":{"name":"(anonymous_0)","decl":{"start":{"line":3,"column":19},"end":{"line":3,"column":20}},"loc":{"start":{"line":4,"column":2},"end":{"line":12,"column":8}},"line":4}},"branchMap":{},"s":{"0":1,"1":0},"f":{"0":0},"b":{},"_coverageSchema":"332fd63041d2c1bcb487cc26dd0d5f7d97098a6c","hash":"8324715b661873ae4071f4f2fc60d1bebd9c2ca5"}
,"/Users/Jonse/Documents/fullstack/fullstack/teht5/src/components/Togglable.js": {"path":"/Users/Jonse/Documents/fullstack/fullstack/teht5/src/components/Togglable.js","statementMap":{"0":{"start":{"line":7,"column":8},"end":{"line":7,"column":20}},"1":{"start":{"line":8,"column":8},"end":{"line":11,"column":9}},"2":{"start":{"line":15,"column":8},"end":{"line":15,"column":55}},"3":{"start":{"line":20,"column":32},"end":{"line":20,"column":75}},"4":{"start":{"line":21,"column":32},"end":{"line":21,"column":75}},"5":{"start":{"line":23,"column":8},"end":{"line":31,"column":9}},"6":{"start":{"line":35,"column":0},"end":{"line":37,"column":1}}},"fnMap":{"0":{"name":"(anonymous_0)","decl":{"start":{"line":6,"column":4},"end":{"line":6,"column":5}},"loc":{"start":{"line":6,"column":23},"end":{"line":12,"column":5}},"line":6},"1":{"name":"(anonymous_1)","decl":{"start":{"line":14,"column":23},"end":{"line":14,"column":24}},"loc":{"start":{"line":14,"column":29},"end":{"line":16,"column":5}},"line":14},"2":{"name":"(anonymous_2)","decl":{"start":{"line":18,"column":4},"end":{"line":18,"column":5}},"loc":{"start":{"line":18,"column":13},"end":{"line":32,"column":5}},"line":18}},"branchMap":{"0":{"loc":{"start":{"line":20,"column":42},"end":{"line":20,"column":74}},"type":"cond-expr","locations":[{"start":{"line":20,"column":63},"end":{"line":20,"column":69}},{"start":{"line":20,"column":72},"end":{"line":20,"column":74}}],"line":20},"1":{"loc":{"start":{"line":21,"column":42},"end":{"line":21,"column":74}},"type":"cond-expr","locations":[{"start":{"line":21,"column":63},"end":{"line":21,"column":65}},{"start":{"line":21,"column":68},"end":{"line":21,"column":74}}],"line":21}},"s":{"0":3,"1":3,"2":0,"3":5,"4":5,"5":5,"6":1},"f":{"0":3,"1":0,"2":5},"b":{"0":[0,5],"1":[0,5]},"_coverageSchema":"332fd63041d2c1bcb487cc26dd0d5f7d97098a6c","hash":"f3932d3360b549ea7e2062aa44f457a10ac5b657"}
,"/Users/Jonse/Documents/fullstack/fullstack/teht5/src/services/blogs.js": {"path":"/Users/Jonse/Documents/fullstack/fullstack/teht5/src/services/blogs.js","statementMap":{"0":{"start":{"line":2,"column":16},"end":{"line":2,"column":28}},"1":{"start":{"line":4,"column":12},"end":{"line":4,"column":16}},"2":{"start":{"line":6,"column":17},"end":{"line":10,"column":1}},"3":{"start":{"line":7,"column":2},"end":{"line":7,"column":43}},"4":{"start":{"line":8,"column":2},"end":{"line":8,"column":31}},"5":{"start":{"line":9,"column":2},"end":{"line":9,"column":35}},"6":{"start":{"line":11,"column":15},"end":{"line":14,"column":1}},"7":{"start":{"line":12,"column":18},"end":{"line":12,"column":36}},"8":{"start":{"line":13,"column":2},"end":{"line":13,"column":48}},"9":{"start":{"line":13,"column":34},"end":{"line":13,"column":47}},"10":{"start":{"line":16,"column":23},"end":{"line":25,"column":1}},"11":{"start":{"line":17,"column":2},"end":{"line":17,"column":35}},"12":{"start":{"line":18,"column":17},"end":{"line":20,"column":3}},"13":{"start":{"line":22,"column":2},"end":{"line":22,"column":33}},"14":{"start":{"line":23,"column":19},"end":{"line":23,"column":62}},"15":{"start":{"line":24,"column":2},"end":{"line":24,"column":22}},"16":{"start":{"line":28,"column":23},"end":{"line":38,"column":1}},"17":{"start":{"line":29,"column":2},"end":{"line":29,"column":28}},"18":{"start":{"line":31,"column":17},"end":{"line":33,"column":3}},"19":{"start":{"line":35,"column":19},"end":{"line":35,"column":81}},"20":{"start":{"line":36,"column":2},"end":{"line":36,"column":22}},"21":{"start":{"line":40,"column":23},"end":{"line":49,"column":1}},"22":{"start":{"line":41,"column":2},"end":{"line":41,"column":40}},"23":{"start":{"line":43,"column":17},"end":{"line":45,"column":3}},"24":{"start":{"line":47,"column":19},"end":{"line":47,"column":65}},"25":{"start":{"line":48,"column":2},"end":{"line":48,"column":22}}},"fnMap":{"0":{"name":"(anonymous_0)","decl":{"start":{"line":6,"column":17},"end":{"line":6,"column":18}},"loc":{"start":{"line":6,"column":31},"end":{"line":10,"column":1}},"line":6},"1":{"name":"(anonymous_1)","decl":{"start":{"line":11,"column":15},"end":{"line":11,"column":16}},"loc":{"start":{"line":11,"column":21},"end":{"line":14,"column":1}},"line":11},"2":{"name":"(anonymous_2)","decl":{"start":{"line":13,"column":22},"end":{"line":13,"column":23}},"loc":{"start":{"line":13,"column":34},"end":{"line":13,"column":47}},"line":13},"3":{"name":"(anonymous_3)","decl":{"start":{"line":16,"column":23},"end":{"line":16,"column":24}},"loc":{"start":{"line":16,"column":43},"end":{"line":25,"column":1}},"line":16},"4":{"name":"(anonymous_4)","decl":{"start":{"line":28,"column":23},"end":{"line":28,"column":24}},"loc":{"start":{"line":28,"column":43},"end":{"line":38,"column":1}},"line":28},"5":{"name":"(anonymous_5)","decl":{"start":{"line":40,"column":23},"end":{"line":40,"column":24}},"loc":{"start":{"line":40,"column":37},"end":{"line":49,"column":1}},"line":40}},"branchMap":{},"s":{"0":1,"1":1,"2":1,"3":0,"4":0,"5":0,"6":1,"7":0,"8":0,"9":0,"10":1,"11":0,"12":0,"13":0,"14":0,"15":0,"16":1,"17":0,"18":0,"19":0,"20":0,"21":1,"22":0,"23":0,"24":0,"25":0},"f":{"0":0,"1":0,"2":0,"3":0,"4":0,"5":0},"b":{},"_coverageSchema":"332fd63041d2c1bcb487cc26dd0d5f7d97098a6c","hash":"2e47ac23cd467b0e19efbc1d3a6625860ea57774"}
,"/Users/Jonse/Documents/fullstack/fullstack/teht5/src/services/login.js": {"path":"/Users/Jonse/Documents/fullstack/fullstack/teht5/src/services/login.js","statementMap":{"0":{"start":{"line":2,"column":16},"end":{"line":2,"column":28}},"1":{"start":{"line":4,"column":14},"end":{"line":7,"column":1}},"2":{"start":{"line":5,"column":21},"end":{"line":5,"column":53}},"3":{"start":{"line":6,"column":4},"end":{"line":6,"column":24}}},"fnMap":{"0":{"name":"(anonymous_0)","decl":{"start":{"line":4,"column":14},"end":{"line":4,"column":15}},"loc":{"start":{"line":4,"column":31},"end":{"line":7,"column":1}},"line":4}},"branchMap":{},"s":{"0":1,"1":1,"2":0,"3":0},"f":{"0":0},"b":{},"_coverageSchema":"332fd63041d2c1bcb487cc26dd0d5f7d97098a6c","hash":"71fd4d3f1de3dfa68dbbea12264be73e989dfc94"}
}
